Captured at: 00:12:28.874
Sensor Device:
Total 24 h/w sensors, 24 running 6 disabled clients:
0x00000001) active-count = 2; sampling_period(ms) = {80.0, 20.0}, selected = 20.00 ms; batching_period(ms) = {2000.0, 2147483.8}, selected = 2000.00 ms
0x00000005) active-count = 2; sampling_period(ms) = {200.0, 80.0}, selected = 80.00 ms; batching_period(ms) = {0.0, 0.0}, selected = 0.00 ms
0x00000008) active-count = 2; sampling_period(ms) = {66.7, 1000.0}, selected = 66.67 ms; batching_period(ms) = {0.0, 0.0}, selected = 0.00 ms
0x00000011) active-count = 1; sampling_period(ms) = {1.0}, selected = 1.00 ms; batching_period(ms) = {0.0}, selected = 0.00 ms
0x00000013) active-count = 12; sampling_period(ms) = {600.0(disabled), 600.0(disabled), 200.0, 1.0, 1.0, 600.0(disabled), 600.0(disabled), 200.0, 1.0, 600.0(disabled), 1.0, 1.0}, selected = 1.00 ms; batching_period(ms) = {0.0(disabled), 0.0(disabled), 0.0, 0.0, 0.0, 0.0(disabled), 0.0(disabled), 0.0, 0.0, 0.0(disabled), 0.0, 360000.0}, selected = 0.00 ms
0x00000061) active-count = 1; sampling_period(ms) = {66.7}, selected = 66.67 ms; batching_period(ms) = {0.0}, selected = 0.00 ms
0x00000062) active-count = 2; sampling_period(ms) = {66.7, 200.0}, selected = 66.67 ms; batching_period(ms) = {0.0, 0.0}, selected = 0.00 ms
Sensor List:
0x00000001) icm40607_acc              | icm40607_acc    | ver: 2 | type: android.sensor.accelerometer(1) | perm: n/a | flags: 0x00000000
	continuous | minRate=12.50Hz | maxRate=200.00Hz | FIFO (max,reserved) = (4500, 3000) events | non-wakeUp | 
0x00000002) mmc5603_mag               | mmc5603         | ver: 1 | type: android.sensor.magnetic_field(2) | perm: n/a | flags: 0x00000000
	continuous | minRate=100.00Hz | maxRate=100.00Hz | FIFO (max,reserved) = (4500, 1) events | non-wakeUp | 
0x00000003) ORIENTATION               | MTK             | ver: 1 | type: android.sensor.orientation(3) | perm: n/a | flags: 0x00000000
	continuous | minRate=100.00Hz | maxRate=100.00Hz | no batching | non-wakeUp | 
0x00000004) icm40607_gyro             | icm40607_gyro   | ver: 2 | type: android.sensor.gyroscope(4) | perm: n/a | flags: 0x00000000
	continuous | minRate=12.50Hz | maxRate=500.00Hz | FIFO (max,reserved) = (4500, 1) events | non-wakeUp | 
0x00000005) LIGHT                     | tmd2712_als     | ver: 1 | type: android.sensor.light(5) | perm: n/a | flags: 0x00000002
	on-change | minRate=1.00Hz | minDelay=0us | no batching | non-wakeUp | 
0x00000008) PROXIMITY                 | tmd2712_ps      | ver: 1 | type: android.sensor.proximity(8) | perm: n/a | flags: 0x00000003
	on-change | minRate=1.00Hz | minDelay=0us | FIFO (max,reserved) = (4500, 100) events | wakeUp | 
0x00000009) GRAVITY                   | MTK             | ver: 1 | type: android.sensor.gravity(9) | perm: n/a | flags: 0x00000000
	continuous | minRate=100.00Hz | maxRate=100.00Hz | no batching | non-wakeUp | 
0x0000000a) LINEARACCEL               | MTK             | ver: 1 | type: android.sensor.linear_acceleration(10) | perm: n/a | flags: 0x00000000
	continuous | minRate=100.00Hz | maxRate=100.00Hz | no batching | non-wakeUp | 
0x0000000b) ROTATION_VECTOR           | MTK             | ver: 1 | type: android.sensor.rotation_vector(11) | perm: n/a | flags: 0x00000000
	continuous | minRate=100.00Hz | maxRate=100.00Hz | FIFO (max,reserved) = (4500, 300) events | non-wakeUp | 
0x0000000e) mmc5603_uncali_mag        | mmc5603_uncali_mag | ver: 1 | type: android.sensor.magnetic_field_uncalibrated(14) | perm: n/a | flags: 0x00000000
	continuous | minRate=100.00Hz | maxRate=100.00Hz | FIFO (max,reserved) = (4500, 600) events | non-wakeUp | 
0x00000010) icm40607_uncali_gyro      | icm40607_uncali_gyro | ver: 1 | type: android.sensor.gyroscope_uncalibrated(16) | perm: n/a | flags: 0x00000000
	continuous | minRate=12.50Hz | maxRate=100.00Hz | FIFO (max,reserved) = (4500, 3000) events | non-wakeUp | 
0x00000011) SIGNIFICANT_MOTION        | MTK             | ver: 1 | type: android.sensor.significant_motion(17) | perm: n/a | flags: 0x00000005
	one-shot | maxDelay=0us | minDelay=-1us | no batching | wakeUp | 
0x00000012) STEP_DETECTOR             | MTK             | ver: 1 | type: android.sensor.step_detector(18) | perm: android.permission.ACTIVITY_RECOGNITION | flags: 0x00000006
	special-trigger | maxDelay=0us | minDelay=0us | FIFO (max,reserved) = (4500, 100) events | non-wakeUp | 
0x00000013) STEP_COUNTER              | MTK             | ver: 1 | type: android.sensor.step_counter(19) | perm: android.permission.ACTIVITY_RECOGNITION | flags: 0x00000002
	on-change | minRate=1.00Hz | minDelay=0us | no batching | non-wakeUp | 
0x0000001b) DEVICE_ORIENTATION        | MTK             | ver: 1 | type: android.sensor.device_orientation(27) | perm: n/a | flags: 0x00000002
	on-change | minRate=1.00Hz | minDelay=0us | no batching | non-wakeUp | 
0x00000023) icm40607_uncali_acc       | icm40607_uncali_acc | ver: 1 | type: android.sensor.accelerometer_uncalibrated(35) | perm: n/a | flags: 0x00000000
	continuous | minRate=12.50Hz | maxRate=100.00Hz | FIFO (max,reserved) = (4500, 3000) events | non-wakeUp | 
0x0000005a) RAISEUP_DETECT            | VIVO            | ver: 1 | type: android.sensor.raiseup_detect(66538) | perm: n/a | flags: 0x00000007
	special-trigger | minRate=1.00Hz | minDelay=0us | no batching | wakeUp | 
0x0000005b) PUTDOWN_DETECT            | VIVO            | ver: 1 | type: android.sensor.putdown_detect(66539) | perm: n/a | flags: 0x00000006
	special-trigger | minRate=1.00Hz | minDelay=0us | no batching | non-wakeUp | 
0x0000005c) VIVOMOTION_DETECT         | VIVO            | ver: 1 | type: android.sensor.vivomotion_detect(66540) | perm: n/a | flags: 0x00000003
	on-change | minRate=1.00Hz | minDelay=0us | no batching | wakeUp | 
0x0000005d) ANGLE_JUDGE               | VIVO            | ver: 1 | type: android.sensor.angle_judge(66542) | perm: n/a | flags: 0x00000002
	on-change | minRate=1.00Hz | minDelay=0us | no batching | non-wakeUp | 
0x0000005f) AMD                       | VIVO            | ver: 1 | type:   android.sensor.amd(33171006) | perm: n/a | flags: 0x00000007
	special-trigger | minRate=1.00Hz | minDelay=0us | no batching | wakeUp | 
0x00000061) WINDOW_ORIENTATION        | VIVO            | ver: 1 | type: android.sensor.window_orientation(66537) | perm: n/a | flags: 0x00000002
	on-change | minRate=1.00Hz | minDelay=0us | no batching | non-wakeUp | 
0x00000062) AMBIENT_LIGHT_SCENE       | VIVO            | ver: 1 | type: android.sensor.ambient_light_scene(66544) | perm: n/a | flags: 0x00000003
	on-change | minRate=1.00Hz | minDelay=0us | no batching | wakeUp | 
0x00000092) STEP_DETECTOR_WAKEUP      | MTK             | ver: 1 | type: android.sensor.step_detector(18) | perm: android.permission.ACTIVITY_RECOGNITION | flags: 0x00000007
	special-trigger | maxDelay=0us | minDelay=0us | FIFO (max,reserved) = (4500, 100) events | wakeUp | 
0x5f636779) Corrected Gyroscope Sensor | AOSP            | ver: 1 | type: android.sensor.gyroscope(4) | perm: n/a | flags: 0x00000000
	continuous | maxDelay=0us | maxRate=500.00Hz | no batching | non-wakeUp | 
0x5f676172) Game Rotation Vector Sensor | AOSP            | ver: 3 | type: android.sensor.game_rotation_vector(15) | perm: n/a | flags: 0x00000000
	continuous | maxDelay=0us | maxRate=200.00Hz | no batching | non-wakeUp | 
0x5f676273) Gyroscope Bias (debug)    | AOSP            | ver: 1 | type: android.sensor.accelerometer(1) | perm: n/a | flags: 0x00000000
	continuous | maxDelay=0us | maxRate=200.00Hz | no batching | non-wakeUp | 
0x5f67656f) GeoMag Rotation Vector Sensor | AOSP            | ver: 3 | type: android.sensor.geomagnetic_rotation_vector(20) | perm: n/a | flags: 0x00000000
	continuous | maxDelay=0us | maxRate=200.00Hz | no batching | non-wakeUp | 
0x5f677276) Gravity Sensor            | AOSP            | ver: 3 | type: android.sensor.gravity(9) | perm: n/a | flags: 0x00000000
	continuous | maxDelay=0us | maxRate=200.00Hz | no batching | non-wakeUp | 
0x5f6c696e) Linear Acceleration Sensor | AOSP            | ver: 3 | type: android.sensor.linear_acceleration(10) | perm: n/a | flags: 0x00000000
	continuous | maxDelay=0us | maxRate=200.00Hz | no batching | non-wakeUp | 
0x5f726f76) Rotation Vector Sensor    | AOSP            | ver: 3 | type: android.sensor.rotation_vector(11) | perm: n/a | flags: 0x00000000
	continuous | maxDelay=0us | maxRate=200.00Hz | no batching | non-wakeUp | 
0x5f797072) Orientation Sensor        | AOSP            | ver: 1 | type: android.sensor.orientation(3) | perm: n/a | flags: 0x00000000
	continuous | maxDelay=0us | maxRate=200.00Hz | no batching | non-wakeUp | 
Fusion States:
9-axis fusion disabled (0 clients), gyro-rate= 100.27Hz, q=< 0, 0, 0, 0 > (0), b=< 0, 0, 0 >
game fusion(no mag) disabled (0 clients), gyro-rate= 100.27Hz, q=< -0.00506131, -0.00270334, -0.0567424, 0.998372 > (1), b=< 0, 0, 0 >
geomag fusion (no gyro) disabled (0 clients), gyro-rate= 100.27Hz, q=< 0, 0, 0, 0 > (0), b=< 0, 0, 0 >
Recent Sensor events:
Game Rotation Vector Sensor: last 10 events
	 1 (ts=333129.492341910, wall=23:57:51.232) -0.00, -0.00, -0.06, 1.00, 
	 2 (ts=333129.502315448, wall=23:57:51.232) -0.00, -0.00, -0.06, 1.00, 
	 3 (ts=333129.512288926, wall=23:57:51.247) -0.00, -0.00, -0.06, 1.00, 
	 4 (ts=333129.522262233, wall=23:57:51.251) -0.00, -0.00, -0.06, 1.00, 
	 5 (ts=333129.532235770, wall=23:57:51.260) -0.00, -0.00, -0.06, 1.00, 
	 6 (ts=333129.542209220, wall=23:57:51.270) -0.00, -0.00, -0.06, 1.00, 
	 7 (ts=333129.552182527, wall=23:57:51.280) -0.00, -0.00, -0.06, 1.00, 
	 8 (ts=333129.562156064, wall=23:57:51.303) -0.00, -0.00, -0.06, 1.00, 
	 9 (ts=333129.572129513, wall=23:57:51.304) -0.00, -0.00, -0.06, 1.00, 
	10 (ts=333129.582103059, wall=23:57:51.312) -0.00, -0.00, -0.06, 1.00, 
VIVOMOTION_DETECT: last 10 events
	 1 (ts=331652.261229438, wall=23:33:14.276) 1.00, 0.00, 0.00, 0.00, 0.00, 0.00, 0.00, 0.00, 0.00, 0.00, 0.00, 0.00, 0.00, 0.00, 0.00, 0.00, 
	 2 (ts=331655.412600814, wall=23:33:17.334) 2.00, 0.00, 0.00, 0.00, 0.00, 0.00, 0.00, 0.00, 0.00, 0.00, 0.00, 0.00, 0.00, 0.00, 0.00, 0.00, 
	 3 (ts=331660.875973852, wall=23:33:22.606) 1.00, 0.00, 0.00, 0.00, 0.00, 0.00, 0.00, 0.00, 0.00, 0.00, 0.00, 0.00, 0.00, 0.00, 0.00, 0.00, 
	 4 (ts=331665.622435809, wall=23:33:27.420) 2.00, 0.00, 0.00, 0.00, 0.00, 0.00, 0.00, 0.00, 0.00, 0.00, 0.00, 0.00, 0.00, 0.00, 0.00, 0.00, 
	 5 (ts=332605.114251695, wall=23:49:06.842) 2.00, 0.00, 0.00, 0.00, 0.00, 0.00, 0.00, 0.00, 0.00, 0.00, 0.00, 0.00, 0.00, 0.00, 0.00, 0.00, 
	 6 (ts=332612.669797224, wall=23:49:14.402) 1.00, 0.00, 0.00, 0.00, 0.00, 0.00, 0.00, 0.00, 0.00, 0.00, 0.00, 0.00, 0.00, 0.00, 0.00, 0.00, 
	 7 (ts=332653.975347171, wall=23:49:55.723) 2.00, 0.00, 0.00, 0.00, 0.00, 0.00, 0.00, 0.00, 0.00, 0.00, 0.00, 0.00, 0.00, 0.00, 0.00, 0.00, 
	 8 (ts=332658.322714716, wall=23:50:00.060) 1.00, 0.00, 0.00, 0.00, 0.00, 0.00, 0.00, 0.00, 0.00, 0.00, 0.00, 0.00, 0.00, 0.00, 0.00, 0.00, 
	 9 (ts=332679.324716245, wall=23:50:21.060) 2.00, 0.00, 0.00, 0.00, 0.00, 0.00, 0.00, 0.00, 0.00, 0.00, 0.00, 0.00, 0.00, 0.00, 0.00, 0.00, 
	10 (ts=332682.656196644, wall=23:50:24.402) 1.00, 0.00, 0.00, 0.00, 0.00, 0.00, 0.00, 0.00, 0.00, 0.00, 0.00, 0.00, 0.00, 0.00, 0.00, 0.00, 
RAISEUP_DETECT: last 7 events
	 1 (ts=18451.785088543, wall=08:33:13.513) 1.00, 0.00, 0.00, 0.00, 0.00, 0.00, 0.00, 0.00, 0.00, 0.00, 0.00, 0.00, 0.00, 0.00, 0.00, 0.00, 
	 2 (ts=29837.831343371, wall=11:42:59.564) 1.00, 0.00, 0.00, 0.00, 0.00, 0.00, 0.00, 0.00, 0.00, 0.00, 0.00, 0.00, 0.00, 0.00, 0.00, 0.00, 
	 3 (ts=102568.918031809, wall=07:55:10.649) 1.00, 0.00, 0.00, 0.00, 0.00, 0.00, 0.00, 0.00, 0.00, 0.00, 0.00, 0.00, 0.00, 0.00, 0.00, 0.00, 
	 4 (ts=122668.518592378, wall=13:30:10.246) 1.00, 0.00, 0.00, 0.00, 0.00, 0.00, 0.00, 0.00, 0.00, 0.00, 0.00, 0.00, 0.00, 0.00, 0.00, 0.00, 
	 5 (ts=190493.026825586, wall=08:20:34.758) 1.00, 0.00, 0.00, 0.00, 0.00, 0.00, 0.00, 0.00, 0.00, 0.00, 0.00, 0.00, 0.00, 0.00, 0.00, 0.00, 
	 6 (ts=199258.112395993, wall=10:46:39.841) 1.00, 0.00, 0.00, 0.00, 0.00, 0.00, 0.00, 0.00, 0.00, 0.00, 0.00, 0.00, 0.00, 0.00, 0.00, 0.00, 
	 7 (ts=231934.732641679, wall=19:51:16.462) 1.00, 0.00, 0.00, 0.00, 0.00, 0.00, 0.00, 0.00, 0.00, 0.00, 0.00, 0.00, 0.00, 0.00, 0.00, 0.00, 
icm40607_uncali_acc: last 10 events
	 1 (ts=219371.293692058, wall=16:21:53.021) 0.38, 2.31, 9.40, 0.00, 0.00, 0.00, 
	 2 (ts=219371.298678827, wall=16:21:53.034) 0.35, 2.29, 9.48, 0.00, 0.00, 0.00, 
	 3 (ts=219371.303665531, wall=16:21:53.034) 0.33, 2.25, 9.54, 0.00, 0.00, 0.00, 
	 4 (ts=219371.308652298, wall=16:21:53.037) 0.32, 2.22, 9.66, 0.00, 0.00, 0.00, 
	 5 (ts=219371.313638848, wall=16:21:53.042) 0.33, 2.19, 9.77, 0.00, 0.00, 0.00, 
	 6 (ts=219371.318625616, wall=16:21:53.050) 0.33, 2.21, 9.84, 0.00, 0.00, 0.00, 
	 7 (ts=219371.323612385, wall=16:21:53.053) 0.36, 2.24, 9.90, 0.00, 0.00, 0.00, 
	 8 (ts=219371.328599183, wall=16:21:53.065) 0.37, 2.24, 9.95, 0.00, 0.00, 0.00, 
	 9 (ts=219371.333585877, wall=16:21:53.065) 0.37, 2.22, 9.98, 0.00, 0.00, 0.00, 
	10 (ts=219371.338572645, wall=16:21:53.070) 0.40, 2.22, 9.95, 0.00, 0.00, 0.00, 
STEP_COUNTER: last 50 events
	 1 (ts=332757.877699618, wall=23:51:39.607) [value masked]
	 2 (ts=332758.316182358, wall=23:51:40.043) [value masked]
	 3 (ts=332758.834294501, wall=23:51:40.562) [value masked]
	 4 (ts=332759.830534732, wall=23:51:41.558) [value masked]
	 5 (ts=332760.189121809, wall=23:51:41.916) [value masked]
	 6 (ts=332760.787396623, wall=23:51:42.514) [value masked]
	 7 (ts=332763.039132417, wall=23:51:44.778) [value masked]
	 8 (ts=332763.358217536, wall=23:51:45.085) [value masked]
	 9 (ts=332764.035840103, wall=23:51:45.764) [value masked]
	10 (ts=332764.354757935, wall=23:51:46.088) [value masked]
	11 (ts=332768.639826787, wall=23:51:50.387) [value masked]
	12 (ts=332769.038448623, wall=23:51:50.767) [value masked]
	13 (ts=332771.908597195, wall=23:51:53.640) [value masked]
	14 (ts=332772.307080301, wall=23:51:54.036) [value masked]
	15 (ts=332776.871382152, wall=23:51:58.598) [value masked]
	16 (ts=332777.708205931, wall=23:51:59.437) [value masked]
	17 (ts=332777.987616037, wall=23:51:59.716) [value masked]
	18 (ts=332778.824430469, wall=23:52:00.555) [value masked]
	19 (ts=332779.143599359, wall=23:52:00.871) [value masked]
	20 (ts=332780.399307450, wall=23:52:02.128) [value masked]
	21 (ts=332781.674976878, wall=23:52:03.404) [value masked]
	22 (ts=332781.993892887, wall=23:52:03.721) [value masked]
	23 (ts=332782.631399104, wall=23:52:04.361) [value masked]
	24 (ts=332783.229622118, wall=23:52:04.957) [value masked]
	25 (ts=332783.907191786, wall=23:52:05.637) [value masked]
	26 (ts=332784.545035416, wall=23:52:06.278) [value masked]
	27 (ts=332785.182465869, wall=23:52:06.913) [value masked]
	28 (ts=332785.800702485, wall=23:52:07.535) [value masked]
	29 (ts=332786.438633889, wall=23:52:08.175) [value masked]
	30 (ts=332787.036424970, wall=23:52:08.765) [value masked]
	31 (ts=332787.713660980, wall=23:52:09.441) [value masked]
	32 (ts=332788.311675018, wall=23:52:10.040) [value masked]
	33 (ts=332788.909965538, wall=23:52:10.637) [value masked]
	34 (ts=332789.547818975, wall=23:52:11.279) [value masked]
	35 (ts=332790.185659990, wall=23:52:11.914) [value masked]
	36 (ts=332791.720144298, wall=23:52:13.457) [value masked]
	37 (ts=332792.876386148, wall=23:52:14.604) [value masked]
	38 (ts=332793.514181412, wall=23:52:15.241) [value masked]
	39 (ts=332794.191862984, wall=23:52:15.922) [value masked]
	40 (ts=332794.869538764, wall=23:52:16.601) [value masked]
	41 (ts=332795.507344845, wall=23:52:17.235) [value masked]
	42 (ts=332796.105089403, wall=23:52:17.837) [value masked]
	43 (ts=332798.835569801, wall=23:52:20.563) [value masked]
	44 (ts=332799.872316523, wall=23:52:21.600) [value masked]
	45 (ts=332800.948389749, wall=23:52:22.678) [value masked]
	46 (ts=332801.227617744, wall=23:52:22.956) [value masked]
	47 (ts=332802.343732053, wall=23:52:24.071) [value masked]
	48 (ts=333926.224660663, wall=00:11:07.964) [value masked]
	49 (ts=334006.647696432, wall=00:12:28.375) [value masked]
	50 (ts=334006.927233965, wall=00:12:28.654) [value masked]
SIGNIFICANT_MOTION: last 50 events
	 1 (ts=111545.178783414, wall=10:24:46.909) 1.00, 
	 2 (ts=112867.018813498, wall=10:46:48.752) 1.00, 
	 3 (ts=131531.111840660, wall=15:57:52.842) 1.00, 
	 4 (ts=142783.401735805, wall=19:05:25.135) 1.00, 
	 5 (ts=142901.640512894, wall=19:07:23.369) 1.00, 
	 6 (ts=143179.892589438, wall=19:12:01.625) 1.00, 
	 7 (ts=150417.884389463, wall=21:12:39.617) 1.00, 
	 8 (ts=152878.814854510, wall=21:53:40.549) 1.00, 
	 9 (ts=153307.984867985, wall=22:00:49.721) 1.00, 
	10 (ts=153775.721533597, wall=22:08:37.455) 1.00, 
	11 (ts=154407.256886123, wall=22:19:08.992) 1.00, 
	12 (ts=157162.741019460, wall=23:05:04.473) 1.00, 
	13 (ts=158237.225652349, wall=23:22:58.964) 1.00, 
	14 (ts=160149.283129008, wall=23:54:51.014) 1.00, 
	15 (ts=194369.160860033, wall=09:25:10.895) 1.00, 
	16 (ts=194819.556854584, wall=09:32:41.290) 1.00, 
	17 (ts=195664.984696038, wall=09:46:46.718) 1.00, 
	18 (ts=196060.108515297, wall=09:53:21.838) 1.00, 
	19 (ts=201894.080443514, wall=11:30:35.979) 1.00, 
	20 (ts=202406.185750982, wall=11:39:07.921) 1.00, 
	21 (ts=202455.984810851, wall=11:39:57.715) 1.00, 
	22 (ts=202766.639715830, wall=11:45:08.372) 1.00, 
	23 (ts=209820.516487957, wall=13:42:42.248) 1.00, 
	24 (ts=210229.313264551, wall=13:49:31.041) 1.00, 
	25 (ts=217222.894161118, wall=15:46:04.626) 1.00, 
	26 (ts=219084.182753433, wall=16:17:05.918) 1.00, 
	27 (ts=219592.839072993, wall=16:25:34.570) 1.00, 
	28 (ts=221729.346189180, wall=17:01:11.081) 1.00, 
	29 (ts=222192.832405561, wall=17:08:54.567) 1.00, 
	30 (ts=222564.338440887, wall=17:15:06.073) 1.00, 
	31 (ts=222948.649807797, wall=17:21:30.380) 1.00, 
	32 (ts=235781.303534029, wall=20:55:23.035) 1.00, 
	33 (ts=236279.195202920, wall=21:03:40.928) 1.00, 
	34 (ts=237148.147317456, wall=21:18:09.880) 1.00, 
	35 (ts=237913.546000680, wall=21:30:55.280) 1.00, 
	36 (ts=244502.075311614, wall=23:20:43.808) 1.00, 
	37 (ts=245351.128925953, wall=23:34:52.860) 1.00, 
	38 (ts=282189.895882844, wall=09:48:51.628) 1.00, 
	39 (ts=283200.878087296, wall=10:05:42.609) 1.00, 
	40 (ts=284756.289481958, wall=10:31:38.022) 1.00, 
	41 (ts=285065.901830759, wall=10:36:47.633) 1.00, 
	42 (ts=306979.600895092, wall=16:42:01.335) 1.00, 
	43 (ts=307347.970184473, wall=16:48:09.704) 1.00, 
	44 (ts=307724.082025586, wall=16:54:25.813) 1.00, 
	45 (ts=308089.244131644, wall=17:00:30.981) 1.00, 
	46 (ts=309101.132894645, wall=17:17:22.867) 1.00, 
	47 (ts=309414.731450898, wall=17:22:36.464) 1.00, 
	48 (ts=328528.322800551, wall=22:41:10.057) 1.00, 
	49 (ts=332266.580771310, wall=23:43:28.315) 1.00, 
	50 (ts=332622.841671373, wall=23:49:24.577) 1.00, 
ROTATION_VECTOR: last 10 events
	 1 (ts=311908.716393781, wall=18:04:10.445) -0.01, -0.02, -0.37, 0.93, 0.00, 
	 2 (ts=311908.720383262, wall=18:04:10.448) -0.01, -0.02, -0.37, 0.93, 0.00, 
	 3 (ts=311908.724372493, wall=18:04:10.452) -0.01, -0.02, -0.37, 0.93, 0.00, 
	 4 (ts=311908.728361800, wall=18:04:10.457) -0.01, -0.02, -0.37, 0.93, 0.00, 
	 5 (ts=311908.732351276, wall=18:04:10.466) -0.01, -0.02, -0.37, 0.93, 0.00, 
	 6 (ts=311908.736340507, wall=18:04:10.467) -0.01, -0.02, -0.37, 0.93, 0.00, 
	 7 (ts=311908.750303330, wall=18:04:10.502) -0.01, -0.02, -0.37, 0.93, 0.00, 
	 8 (ts=311908.760276536, wall=18:04:10.502) -0.01, -0.02, -0.37, 0.93, 0.00, 
	 9 (ts=311908.770249833, wall=18:04:10.502) -0.01, -0.02, -0.37, 0.93, 0.00, 
	10 (ts=311908.780223295, wall=18:04:10.513) -0.01, -0.02, -0.37, 0.93, 0.00, 
LINEARACCEL: last 10 events
	 1 (ts=333129.482368402, wall=23:57:51.232) -0.00, 0.00, 0.17, 
	 2 (ts=333129.492341910, wall=23:57:51.232) 0.00, 0.00, 0.17, 
	 3 (ts=333129.502315448, wall=23:57:51.232) 0.00, 0.00, 0.17, 
	 4 (ts=333129.512288926, wall=23:57:51.247) 0.00, 0.00, 0.16, 
	 5 (ts=333129.522262233, wall=23:57:51.251) 0.00, -0.00, 0.16, 
	 6 (ts=333129.532235770, wall=23:57:51.260) 0.01, -0.00, 0.16, 
	 7 (ts=333129.542209220, wall=23:57:51.270) 0.00, -0.00, 0.16, 
	 8 (ts=333129.552182527, wall=23:57:51.280) 0.00, 0.00, 0.15, 
	 9 (ts=333129.562156064, wall=23:57:51.303) 0.00, -0.00, 0.15, 
	10 (ts=333129.572129513, wall=23:57:51.304) -0.00, -0.00, 0.17, 
GRAVITY: last 10 events
	 1 (ts=333256.284401283, wall=23:59:58.050) 0.05, 0.03, 9.80, 
	 2 (ts=333256.294374867, wall=23:59:58.050) 0.05, 0.03, 9.80, 
	 3 (ts=333256.304348619, wall=23:59:58.050) 0.05, 0.03, 9.80, 
	 4 (ts=333256.314322236, wall=23:59:58.050) 0.05, 0.03, 9.80, 
	 5 (ts=333256.324296000, wall=23:59:58.074) 0.05, 0.03, 9.80, 
	 6 (ts=333256.334269617, wall=23:59:58.074) 0.05, 0.03, 9.80, 
	 7 (ts=333256.344243446, wall=23:59:58.074) 0.05, 0.03, 9.80, 
	 8 (ts=333256.354217218, wall=23:59:58.083) 0.05, 0.03, 9.80, 
	 9 (ts=333256.364191067, wall=23:59:58.102) 0.05, 0.03, 9.80, 
	10 (ts=333256.374164684, wall=23:59:58.103) 0.05, 0.03, 9.80, 
LIGHT: last 50 events
	 1 (ts=333999.249895985, wall=00:12:20.978) 111.41, 262.00, 2.00, 
	 2 (ts=333999.409900053, wall=00:12:21.137) 76.09, 180.00, 2.00, 
	 3 (ts=333999.569928976, wall=00:12:21.306) 31.70, 76.00, 2.00, 
	 4 (ts=333999.730228067, wall=00:12:21.457) 11.78, 28.00, 1.00, 
	 5 (ts=333999.890207115, wall=00:12:21.618) 12.68, 31.00, 1.00, 
	 6 (ts=334000.050534221, wall=00:12:21.778) 13.59, 33.00, 1.00, 
	 7 (ts=334000.210523692, wall=00:12:21.946) 16.30, 40.00, 1.00, 
	 8 (ts=334000.370187399, wall=00:12:22.097) 20.83, 49.00, 1.00, 
	 9 (ts=334000.530376105, wall=00:12:22.258) 61.59, 145.00, 2.00, 
	10 (ts=334000.690223783, wall=00:12:22.418) 38.04, 90.00, 2.00, 
	11 (ts=334000.850228004, wall=00:12:22.579) 18.12, 43.00, 2.00, 
	12 (ts=334001.010233014, wall=00:12:22.737) 19.02, 45.00, 1.00, 
	13 (ts=334001.170208341, wall=00:12:22.897) 17.21, 41.00, 1.00, 
	14 (ts=334001.330212018, wall=00:12:23.064) 34.42, 82.00, 2.00, 
	15 (ts=334001.490216615, wall=00:12:23.218) 17.21, 41.00, 2.00, 
	16 (ts=334001.650249624, wall=00:12:23.383) 14.49, 36.00, 1.00, 
	17 (ts=334001.809892907, wall=00:12:23.539) 26.27, 62.00, 2.00, 
	18 (ts=334001.970228691, wall=00:12:23.697) 20.83, 49.00, 2.00, 
	19 (ts=334002.130231442, wall=00:12:23.860) 38.04, 90.00, 2.00, 
	20 (ts=334002.290232590, wall=00:12:24.025) 14.49, 35.00, 1.00, 
	21 (ts=334002.450207143, wall=00:12:24.177) 16.30, 39.00, 1.00, 
	22 (ts=334002.610211364, wall=00:12:24.346) 36.23, 87.00, 2.00, 
	23 (ts=334002.770215985, wall=00:12:24.497) 16.30, 39.00, 1.00, 
	24 (ts=334002.930217941, wall=00:12:24.658) 13.59, 33.00, 1.00, 
	25 (ts=334003.090210788, wall=00:12:24.824) 14.49, 35.00, 1.00, 
	26 (ts=334003.250221258, wall=00:12:24.977) 39.86, 94.00, 2.00, 
	27 (ts=334003.410213868, wall=00:12:25.138) 17.21, 41.00, 2.00, 
	28 (ts=334003.570229561, wall=00:12:25.298) 14.49, 36.00, 1.00, 
	29 (ts=334003.730374782, wall=00:12:25.457) 27.17, 64.00, 2.00, 
	30 (ts=334003.889875749, wall=00:12:25.617) 19.02, 45.00, 1.00, 
	31 (ts=334004.049872740, wall=00:12:25.778) 29.89, 71.00, 2.00, 
	32 (ts=334004.209908711, wall=00:12:25.937) 10.87, 27.00, 1.00, 
	33 (ts=334004.370213019, wall=00:12:26.101) 13.59, 33.00, 1.00, 
	34 (ts=334004.530245336, wall=00:12:26.259) 12.68, 31.00, 1.00, 
	35 (ts=334004.690230240, wall=00:12:26.418) 25.36, 61.00, 2.00, 
	36 (ts=334004.850229937, wall=00:12:26.578) 11.78, 28.00, 1.00, 
	37 (ts=334005.010230821, wall=00:12:26.737) 34.42, 81.00, 2.00, 
	38 (ts=334005.170207778, wall=00:12:26.897) 13.59, 32.00, 1.00, 
	39 (ts=334005.330232302, wall=00:12:27.065) 16.30, 39.00, 1.00, 
	40 (ts=334005.490221311, wall=00:12:27.217) 12.68, 31.00, 1.00, 
	41 (ts=334005.650216927, wall=00:12:27.377) 12.68, 30.00, 1.00, 
	42 (ts=334005.810653254, wall=00:12:27.538) 13.59, 32.00, 1.00, 
	43 (ts=334005.970576320, wall=00:12:27.698) 19.93, 48.00, 2.00, 
	44 (ts=334006.130209835, wall=00:12:27.861) 10.87, 26.00, 1.00, 
	45 (ts=334006.290239075, wall=00:12:28.018) 20.83, 50.00, 1.00, 
	46 (ts=334006.449866479, wall=00:12:28.177) 14.49, 35.00, 1.00, 
	47 (ts=334006.610148042, wall=00:12:28.338) 41.67, 98.00, 2.00, 
	48 (ts=334006.770215446, wall=00:12:28.497) 12.68, 31.00, 1.00, 
	49 (ts=334006.930223734, wall=00:12:28.658) 60.69, 143.00, 2.00, 
	50 (ts=334007.090228062, wall=00:12:28.817) 14.49, 36.00, 1.00, 
PROXIMITY: last 30 events
	 1 (ts=332859.848222806, wall=23:53:21.577) 0.00, 0.00, 0.00, 
	 2 (ts=332859.953207670, wall=23:53:21.681) 0.00, 0.00, 0.00, 
	 3 (ts=332860.058200824, wall=23:53:21.792) 0.00, 0.00, 0.00, 
	 4 (ts=332860.162887223, wall=23:53:21.903) 0.00, 0.00, 0.00, 
	 5 (ts=332860.268206400, wall=23:53:21.997) 0.00, 0.00, 0.00, 
	 6 (ts=332964.008227970, wall=23:55:05.738) 5.00, 0.00, 0.00, 
	 7 (ts=332964.112876898, wall=23:55:05.841) 5.00, 0.00, 0.00, 
	 8 (ts=332964.218225211, wall=23:55:05.946) 5.00, 0.00, 0.00, 
	 9 (ts=332964.323232523, wall=23:55:06.059) 5.00, 0.00, 0.00, 
	10 (ts=332964.428212937, wall=23:55:06.163) 5.00, 0.00, 0.00, 
	11 (ts=332987.108196588, wall=23:55:28.844) 0.00, 0.00, 0.00, 
	12 (ts=332987.213209391, wall=23:55:28.979) 0.00, 0.00, 0.00, 
	13 (ts=332987.318231621, wall=23:55:29.050) 0.00, 0.00, 0.00, 
	14 (ts=332987.423203001, wall=23:55:29.155) 0.00, 0.00, 0.00, 
	15 (ts=332987.528211846, wall=23:55:29.262) 0.00, 0.00, 0.00, 
	16 (ts=333075.308215303, wall=23:56:57.055) 5.00, 0.00, 0.00, 
	17 (ts=333075.413182263, wall=23:56:57.153) 5.00, 0.00, 0.00, 
	18 (ts=333075.518218619, wall=23:56:57.258) 5.00, 0.00, 0.00, 
	19 (ts=333075.622884115, wall=23:56:57.367) 5.00, 0.00, 0.00, 
	20 (ts=333075.728228168, wall=23:56:57.465) 5.00, 0.00, 0.00, 
	21 (ts=333219.262860736, wall=23:59:20.992) 0.00, 0.00, 0.00, 
	22 (ts=333219.368213356, wall=23:59:21.099) 0.00, 0.00, 0.00, 
	23 (ts=333219.472890524, wall=23:59:21.203) 0.00, 0.00, 0.00, 
	24 (ts=333219.578805976, wall=23:59:21.306) 0.00, 0.00, 0.00, 
	25 (ts=333219.683211105, wall=23:59:21.413) 0.00, 0.00, 0.00, 
	26 (ts=333787.522910783, wall=00:08:49.255) 5.00, 0.00, 0.00, 
	27 (ts=333787.627889489, wall=00:08:49.359) 5.00, 0.00, 0.00, 
	28 (ts=333787.733197489, wall=00:08:49.462) 5.00, 0.00, 0.00, 
	29 (ts=333787.838244350, wall=00:08:49.568) 5.00, 0.00, 0.00, 
	30 (ts=333787.943232999, wall=00:08:49.678) 5.00, 0.00, 0.00, 
icm40607_uncali_gyro: last 10 events
	 1 (ts=333129.492341910, wall=23:57:51.232) -0.02, -0.00, -0.00, -0.02, -0.00, -0.00, 
	 2 (ts=333129.502315448, wall=23:57:51.232) -0.02, -0.00, 0.00, -0.02, -0.00, -0.00, 
	 3 (ts=333129.512288926, wall=23:57:51.247) -0.02, -0.00, 0.00, -0.02, -0.00, -0.00, 
	 4 (ts=333129.522262233, wall=23:57:51.251) -0.02, -0.00, -0.00, -0.02, -0.00, -0.00, 
	 5 (ts=333129.532235770, wall=23:57:51.260) -0.02, -0.00, -0.00, -0.02, -0.00, -0.00, 
	 6 (ts=333129.542209220, wall=23:57:51.270) -0.02, -0.00, 0.00, -0.02, -0.00, -0.00, 
	 7 (ts=333129.552182527, wall=23:57:51.280) -0.02, -0.00, -0.00, -0.02, -0.00, -0.00, 
	 8 (ts=333129.562156064, wall=23:57:51.303) -0.02, -0.00, 0.00, -0.02, -0.00, -0.00, 
	 9 (ts=333129.572129513, wall=23:57:51.304) -0.02, -0.00, -0.00, -0.02, -0.00, -0.00, 
	10 (ts=333129.582103059, wall=23:57:51.312) -0.02, -0.00, 0.00, -0.02, -0.00, -0.00, 
ORIENTATION: last 10 events
	 1 (ts=323611.638824543, wall=21:19:13.367) 46.81, -0.32, 0.06, 
	 2 (ts=323611.648798093, wall=21:19:13.376) 46.81, -0.32, 0.06, 
	 3 (ts=323611.658771531, wall=21:19:13.386) 46.81, -0.32, 0.06, 
	 4 (ts=323611.668744836, wall=21:19:13.397) 46.81, -0.32, 0.06, 
	 5 (ts=323611.678718372, wall=21:19:13.406) 46.81, -0.32, 0.06, 
	 6 (ts=323611.688691827, wall=21:19:13.419) 46.81, -0.32, 0.06, 
	 7 (ts=323611.698665130, wall=21:19:13.427) 46.81, -0.32, 0.06, 
	 8 (ts=323611.708638589, wall=21:19:13.437) 46.81, -0.32, 0.06, 
	 9 (ts=323611.718611899, wall=21:19:13.446) 46.81, -0.32, 0.06, 
	10 (ts=323611.728585363, wall=21:19:13.457) 46.81, -0.32, 0.06, 
WINDOW_ORIENTATION: last 10 events
	 1 (ts=334003.817687807, wall=00:12:25.545) 1.00, 0.00, 0.00, 0.00, 0.00, 0.00, 0.00, 0.00, 0.00, 0.00, 0.00, 0.00, 0.00, 0.00, 0.00, 0.00, 
	 2 (ts=334003.857556735, wall=00:12:25.587) -1.00, 0.00, 0.00, 0.00, 0.00, 0.00, 0.00, 0.00, 0.00, 0.00, 0.00, 0.00, 0.00, 0.00, 0.00, 0.00, 
	 3 (ts=334004.475149639, wall=00:12:26.202) 1.00, 0.00, 0.00, 0.00, 0.00, 0.00, 0.00, 0.00, 0.00, 0.00, 0.00, 0.00, 0.00, 0.00, 0.00, 0.00, 
	 4 (ts=334004.554918481, wall=00:12:26.282) -1.00, 0.00, 0.00, 0.00, 0.00, 0.00, 0.00, 0.00, 0.00, 0.00, 0.00, 0.00, 0.00, 0.00, 0.00, 0.00, 
	 5 (ts=334005.133206519, wall=00:12:26.862) 1.00, 0.00, 0.00, 0.00, 0.00, 0.00, 0.00, 0.00, 0.00, 0.00, 0.00, 0.00, 0.00, 0.00, 0.00, 0.00, 
	 6 (ts=334005.272654168, wall=00:12:27.000) -1.00, 0.00, 0.00, 0.00, 0.00, 0.00, 0.00, 0.00, 0.00, 0.00, 0.00, 0.00, 0.00, 0.00, 0.00, 0.00, 
	 7 (ts=334005.870588046, wall=00:12:27.598) 1.00, 0.00, 0.00, 0.00, 0.00, 0.00, 0.00, 0.00, 0.00, 0.00, 0.00, 0.00, 0.00, 0.00, 0.00, 0.00, 
	 8 (ts=334005.910455796, wall=00:12:27.650) -1.00, 0.00, 0.00, 0.00, 0.00, 0.00, 0.00, 0.00, 0.00, 0.00, 0.00, 0.00, 0.00, 0.00, 0.00, 0.00, 
	 9 (ts=334006.468536628, wall=00:12:28.196) 1.00, 0.00, 0.00, 0.00, 0.00, 0.00, 0.00, 0.00, 0.00, 0.00, 0.00, 0.00, 0.00, 0.00, 0.00, 0.00, 
	10 (ts=334006.907000368, wall=00:12:28.636) -1.00, 0.00, 0.00, 0.00, 0.00, 0.00, 0.00, 0.00, 0.00, 0.00, 0.00, 0.00, 0.00, 0.00, 0.00, 0.00, 
AMBIENT_LIGHT_SCENE: last 10 events
	 1 (ts=332773.010359892, wall=23:51:54.740) 2.00, 0.00, 0.00, 0.00, 0.00, 0.00, 0.00, 0.00, 0.00, 0.00, 0.00, 0.00, 0.00, 0.00, 0.00, 0.00, 
	 2 (ts=332790.770340042, wall=23:52:12.500) 20.00, 0.00, 0.00, 0.00, 0.00, 0.00, 0.00, 0.00, 0.00, 0.00, 0.00, 0.00, 0.00, 0.00, 0.00, 0.00, 
	 3 (ts=332900.530286354, wall=23:54:02.270) 2.00, 0.00, 0.00, 0.00, 0.00, 0.00, 0.00, 0.00, 0.00, 0.00, 0.00, 0.00, 0.00, 0.00, 0.00, 0.00, 
	 4 (ts=333076.210578855, wall=23:56:57.941) 20.00, 0.00, 0.00, 0.00, 0.00, 0.00, 0.00, 0.00, 0.00, 0.00, 0.00, 0.00, 0.00, 0.00, 0.00, 0.00, 
	 5 (ts=333121.650341075, wall=23:57:43.382) 2.00, 0.00, 0.00, 0.00, 0.00, 0.00, 0.00, 0.00, 0.00, 0.00, 0.00, 0.00, 0.00, 0.00, 0.00, 0.00, 
	 6 (ts=333190.930344620, wall=23:58:52.664) 20.00, 0.00, 0.00, 0.00, 0.00, 0.00, 0.00, 0.00, 0.00, 0.00, 0.00, 0.00, 0.00, 0.00, 0.00, 0.00, 
	 7 (ts=333252.690313511, wall=23:59:54.422) 2.00, 0.00, 0.00, 0.00, 0.00, 0.00, 0.00, 0.00, 0.00, 0.00, 0.00, 0.00, 0.00, 0.00, 0.00, 0.00, 
	 8 (ts=333920.050336696, wall=00:11:01.784) 20.00, 0.00, 0.00, 0.00, 0.00, 0.00, 0.00, 0.00, 0.00, 0.00, 0.00, 0.00, 0.00, 0.00, 0.00, 0.00, 
	 9 (ts=333964.050325944, wall=00:11:45.781) 2.00, 0.00, 0.00, 0.00, 0.00, 0.00, 0.00, 0.00, 0.00, 0.00, 0.00, 0.00, 0.00, 0.00, 0.00, 0.00, 
	10 (ts=333981.010570249, wall=00:12:02.742) 20.00, 0.00, 0.00, 0.00, 0.00, 0.00, 0.00, 0.00, 0.00, 0.00, 0.00, 0.00, 0.00, 0.00, 0.00, 0.00, 
icm40607_gyro: last 10 events
	 1 (ts=333129.482368402, wall=23:57:51.232) -0.00, 0.00, 0.00, 
	 2 (ts=333129.492341910, wall=23:57:51.232) 0.00, -0.00, -0.00, 
	 3 (ts=333129.502315448, wall=23:57:51.232) 0.00, 0.00, 0.00, 
	 4 (ts=333129.512288926, wall=23:57:51.247) -0.00, 0.00, 0.00, 
	 5 (ts=333129.522262233, wall=23:57:51.251) 0.00, 0.00, -0.00, 
	 6 (ts=333129.532235770, wall=23:57:51.260) 0.00, 0.00, -0.00, 
	 7 (ts=333129.542209220, wall=23:57:51.270) 0.00, 0.00, 0.00, 
	 8 (ts=333129.552182527, wall=23:57:51.280) -0.00, -0.00, -0.00, 
	 9 (ts=333129.562156064, wall=23:57:51.303) 0.00, -0.00, 0.00, 
	10 (ts=333129.572129513, wall=23:57:51.304) 0.00, -0.00, -0.00, 
mmc5603_uncali_mag: last 10 events
	 1 (ts=219371.250230050, wall=16:21:52.977) -275.19, -48.23, -399.04, -262.87, -55.42, -278.85, 
	 2 (ts=219371.260228846, wall=16:21:52.988) -275.16, -47.70, -400.11, -262.87, -55.42, -278.85, 
	 3 (ts=219371.270220187, wall=16:21:52.998) -275.48, -47.98, -399.04, -262.87, -55.42, -278.85, 
	 4 (ts=219371.280217198, wall=16:21:53.007) -275.19, -48.23, -399.04, -262.87, -55.42, -278.85, 
	 5 (ts=219371.290218709, wall=16:21:53.020) -275.06, -47.64, -399.47, -262.87, -55.42, -278.85, 
	 6 (ts=219371.300223745, wall=16:21:53.034) -275.40, -48.24, -399.04, -262.87, -55.42, -278.85, 
	 7 (ts=219371.310219946, wall=16:21:53.038) -275.36, -47.87, -399.26, -262.87, -55.42, -278.85, 
	 8 (ts=219371.320220720, wall=16:21:53.050) -275.19, -48.23, -399.04, -262.87, -55.42, -278.85, 
	 9 (ts=219371.330224935, wall=16:21:53.065) -275.38, -47.98, -398.72, -262.87, -55.42, -278.85, 
	10 (ts=219371.340220599, wall=16:21:53.070) -275.57, -47.81, -398.51, -262.87, -55.42, -278.85, 
icm40607_acc: last 50 events
	 1 (ts=334005.949331764, wall=00:12:27.861) -16.59, 2.93, 14.94, 
	 2 (ts=334005.969262533, wall=00:12:27.861) -18.47, 4.59, 17.32, 
	 3 (ts=334005.989194226, wall=00:12:27.861) -23.34, 6.98, 19.76, 
	 4 (ts=334006.009125611, wall=00:12:27.861) -27.03, 8.12, 18.59, 
	 5 (ts=334006.029056920, wall=00:12:27.861) -24.82, 8.27, 14.98, 
	 6 (ts=334006.048988094, wall=00:12:28.177) -20.44, 7.95, 11.56, 
	 7 (ts=334006.068918787, wall=00:12:28.177) -17.55, 6.69, 9.49, 
	 8 (ts=334006.088848942, wall=00:12:28.177) -14.74, 4.95, 9.00, 
	 9 (ts=334006.108778173, wall=00:12:28.177) -11.60, 3.07, 9.94, 
	10 (ts=334006.128708402, wall=00:12:28.177) -8.89, 1.39, 11.31, 
	11 (ts=334006.148639173, wall=00:12:28.177) -6.52, -0.12, 11.99, 
	12 (ts=334006.168569252, wall=00:12:28.177) -3.12, -1.82, 12.00, 
	13 (ts=334006.188500403, wall=00:12:28.177) 1.68, -3.35, 10.70, 
	14 (ts=334006.208431480, wall=00:12:28.177) 6.00, -3.89, 7.71, 
	15 (ts=334006.228362557, wall=00:12:28.177) 8.63, -3.06, 4.51, 
	16 (ts=334006.248293330, wall=00:12:28.177) 9.44, -1.52, 1.26, 
	17 (ts=334006.268225021, wall=00:12:28.177) 10.75, -0.21, -2.04, 
	18 (ts=334006.288157944, wall=00:12:28.177) 14.78, -0.19, -2.82, 
	19 (ts=334006.308090791, wall=00:12:28.177) 20.30, -1.43, -0.89, 
	20 (ts=334006.328022196, wall=00:12:28.338) 22.44, -1.74, 0.06, 
	21 (ts=334006.347953965, wall=00:12:28.338) 20.57, -1.71, -1.74, 
	22 (ts=334006.367885350, wall=00:12:28.338) 18.22, -1.96, -2.89, 
	23 (ts=334006.387816735, wall=00:12:28.338) 15.91, -2.75, -1.29, 
	24 (ts=334006.407748426, wall=00:12:28.338) 13.43, -3.72, 0.91, 
	25 (ts=334006.427680349, wall=00:12:28.338) 11.52, -4.69, 3.32, 
	26 (ts=334006.447612426, wall=00:12:28.338) 9.17, -5.69, 5.52, 
	27 (ts=334006.467543429, wall=00:12:28.338) 6.24, -5.88, 7.45, 
	28 (ts=334006.487475428, wall=00:12:28.338) 3.15, -7.19, 8.31, 
	29 (ts=334006.507406277, wall=00:12:28.338) 0.07, -9.05, 13.53, 
	30 (ts=334006.527336048, wall=00:12:28.338) -4.12, -8.60, 20.01, 
	31 (ts=334006.547268123, wall=00:12:28.338) -13.04, -7.37, 22.20, 
	32 (ts=334006.567200354, wall=00:12:28.338) -21.41, -3.50, 22.36, 
	33 (ts=334006.587132049, wall=00:12:28.338) -27.36, 0.12, 22.69, 
	34 (ts=334006.607064367, wall=00:12:28.636) -28.92, 3.02, 23.78, 
	35 (ts=334006.626995446, wall=00:12:28.636) -30.29, 5.18, 24.10, 
	36 (ts=334006.646927751, wall=00:12:28.636) -31.16, 6.39, 22.16, 
	37 (ts=334006.666859752, wall=00:12:28.636) -29.02, 6.01, 17.71, 
	38 (ts=334006.686792983, wall=00:12:28.636) -24.54, 4.05, 12.86, 
	39 (ts=334006.706725602, wall=00:12:28.636) -18.74, 1.30, 11.12, 
	40 (ts=334006.726658601, wall=00:12:28.636) -14.54, -1.20, 12.47, 
	41 (ts=334006.746588756, wall=00:12:28.636) -12.22, -3.19, 15.11, 
	42 (ts=334006.766520679, wall=00:12:28.636) -7.42, -4.68, 16.03, 
	43 (ts=334006.786452756, wall=00:12:28.636) -1.90, -5.77, 16.04, 
	44 (ts=334006.806385371, wall=00:12:28.636) 0.85, -5.68, 15.99, 
	45 (ts=334006.826316682, wall=00:12:28.636) 2.01, -5.67, 13.22, 
	46 (ts=334006.846248143, wall=00:12:28.636) 3.92, -5.21, 10.56, 
	47 (ts=334006.866180142, wall=00:12:28.636) 6.49, -4.64, 9.56, 
	48 (ts=334006.886112964, wall=00:12:28.654) 8.50, -4.09, 9.03, 
	49 (ts=334006.906044659, wall=00:12:28.654) 11.51, -4.34, 8.40, 
	50 (ts=334006.925975736, wall=00:12:28.654) 16.63, -4.77, 7.95, 
AMD: last 10 events
	 1 (ts=309222.249069723, wall=17:19:23.978) 2.00, 0.00, 0.00, 0.00, 0.00, 0.00, 0.00, 0.00, 0.00, 0.00, 0.00, 0.00, 0.00, 0.00, 0.00, 0.00, 
	 2 (ts=309222.498412213, wall=17:19:24.228) 2.00, 0.00, 0.00, 0.00, 0.00, 0.00, 0.00, 0.00, 0.00, 0.00, 0.00, 0.00, 0.00, 0.00, 0.00, 0.00, 
	 3 (ts=309372.801454948, wall=17:21:54.529) 2.00, 0.00, 0.00, 0.00, 0.00, 0.00, 0.00, 0.00, 0.00, 0.00, 0.00, 0.00, 0.00, 0.00, 0.00, 0.00, 
	 4 (ts=310172.342785898, wall=17:35:14.077) 2.00, 0.00, 0.00, 0.00, 0.00, 0.00, 0.00, 0.00, 0.00, 0.00, 0.00, 0.00, 0.00, 0.00, 0.00, 0.00, 
	 5 (ts=312924.909170248, wall=18:21:06.639) 1.00, 0.00, 0.00, 0.00, 0.00, 0.00, 0.00, 0.00, 0.00, 0.00, 0.00, 0.00, 0.00, 0.00, 0.00, 0.00, 
	 6 (ts=318918.936316418, wall=20:01:00.665) 2.00, 0.00, 0.00, 0.00, 0.00, 0.00, 0.00, 0.00, 0.00, 0.00, 0.00, 0.00, 0.00, 0.00, 0.00, 0.00, 
	 7 (ts=327184.636468209, wall=22:18:46.363) 2.00, 0.00, 0.00, 0.00, 0.00, 0.00, 0.00, 0.00, 0.00, 0.00, 0.00, 0.00, 0.00, 0.00, 0.00, 0.00, 
	 8 (ts=331545.326997334, wall=23:31:27.063) 2.00, 0.00, 0.00, 0.00, 0.00, 0.00, 0.00, 0.00, 0.00, 0.00, 0.00, 0.00, 0.00, 0.00, 0.00, 0.00, 
	 9 (ts=331665.882439617, wall=23:33:27.611) 2.00, 0.00, 0.00, 0.00, 0.00, 0.00, 0.00, 0.00, 0.00, 0.00, 0.00, 0.00, 0.00, 0.00, 0.00, 0.00, 
	10 (ts=332686.549382769, wall=23:50:28.280) 2.00, 0.00, 0.00, 0.00, 0.00, 0.00, 0.00, 0.00, 0.00, 0.00, 0.00, 0.00, 0.00, 0.00, 0.00, 0.00, 
mmc5603_mag: last 10 events
	 1 (ts=333256.284893492, wall=23:59:58.050) -5.53, -63.11, -41.51, 
	 2 (ts=333256.294887996, wall=23:59:58.050) -5.74, -63.68, -41.94, 
	 3 (ts=333256.304889830, wall=23:59:58.050) -5.81, -63.19, -42.15, 
	 4 (ts=333256.314896880, wall=23:59:58.050) -5.55, -63.56, -41.83, 
	 5 (ts=333256.324896025, wall=23:59:58.074) -5.93, -63.30, -42.38, 
	 6 (ts=333256.334900002, wall=23:59:58.074) -5.53, -63.43, -42.69, 
	 7 (ts=333256.344908811, wall=23:59:58.074) -5.83, -63.58, -42.26, 
	 8 (ts=333256.354907848, wall=23:59:58.082) -5.74, -63.49, -42.06, 
	 9 (ts=333256.364921527, wall=23:59:58.102) -5.93, -63.34, -41.42, 
	10 (ts=333256.374926861, wall=23:59:58.103) -5.93, -63.51, -41.94, 
Active sensors:
icm40607_acc (handle=0x00000001, connections=5)
LIGHT (handle=0x00000005, connections=3)
PROXIMITY (handle=0x00000008, connections=2)
SIGNIFICANT_MOTION (handle=0x00000011, connections=1)
STEP_COUNTER (handle=0x00000013, connections=12)
WINDOW_ORIENTATION (handle=0x00000061, connections=1)
AMBIENT_LIGHT_SCENE (handle=0x00000062, connections=2)
Socket Buffer size = 984 events
WakeLock Status: not held 
Mode : NORMAL
Sensor Privacy: disabled
25 active connections
Connection Number: 0 
	Operating Mode: NORMAL
	 com.tencent.mm.plugin.sport.model.a0 | WakeLockRefCount 0 | uid 10253 | cache size 0 | max cache size 0
	 STEP_COUNTER 0x00000013 | status: active | pending flush events 0 
Connection Number: 1 
	Operating Mode: NORMAL
	 com.tencent.mm.plugin.sport.model.a0 | WakeLockRefCount 0 | uid 10253 | cache size 0 | max cache size 0
	 STEP_COUNTER 0x00000013 | status: active | pending flush events 0 
Connection Number: 2 
$Proxy34 Connection 0xb400007b5e3d1d50 has been frozen *** 
	Operating Mode: NORMAL
	 $Proxy34 | WakeLockRefCount 0 | uid 10232 | cache size 0 | max cache size 0
	 icm40607_gyro 0x00000004 | status: active | pending flush events 0 
	 icm40607_acc 0x00000001 | status: active | pending flush events 0 
Connection Number: 3 
	Operating Mode: NORMAL
	 hidl_client_pid_1120 | WakeLockRefCount 0 | uid 1000 | cache size 0 | max cache size 0
	 LIGHT 0x00000005 | status: active | pending flush events 0 
Connection Number: 4 
	Operating Mode: NORMAL
	 com.vivo.sensor.brightness.AutomaticBrightnessController | WakeLockRefCount 0 | uid 1000 | cache size 0 | max cache size 0
	 LIGHT 0x00000005 | status: active | pending flush events 0 
	 PROXIMITY 0x00000008 | status: active | pending flush events 0 
Connection Number: 5 
	Operating Mode: NORMAL
	 b1.i | WakeLockRefCount 0 | uid 1000 | cache size 0 | max cache size 0
	 STEP_COUNTER 0x00000013 | status: active | pending flush events 0 
Connection Number: 6 
	Operating Mode: NORMAL
	 com.android.server.wifi.motionrecognize.WifiMotionRecognizeService | WakeLockRefCount 0 | uid 1000 | cache size 0 | max cache size 0
	 STEP_COUNTER 0x00000013 | status: active | pending flush events 0 
Connection Number: 7 
	Operating Mode: NORMAL
	 com.android.server.wifi.spatialaware.DailyStepCounter | WakeLockRefCount 0 | uid 1000 | cache size 0 | max cache size 0
	 STEP_COUNTER 0x00000013 | status: active | pending flush events 0 
Connection Number: 8 
	Operating Mode: NORMAL
	 com.tencent.mm.plugin.sport.model.a0 | WakeLockRefCount 0 | uid 10253 | cache size 0 | max cache size 0
	 STEP_COUNTER 0x00000013 | status: active | pending flush events 0 
Connection Number: 9 
com.meituan.msi.api.gyroscope.GyroscopeApi Connection 0xb400007b5e4ca710 has been frozen *** 
	Operating Mode: NORMAL
	 com.meituan.msi.api.gyroscope.GyroscopeApi | WakeLockRefCount 0 | uid 10309 | cache size 0 | max cache size 0
	 icm40607_gyro 0x00000004 | status: active | pending flush events 0 
Connection Number: 10 
	Operating Mode: NORMAL
	 com.android.server.DeviceIdleController | WakeLockRefCount 0 | uid 1000 | cache size 0 | max cache size 0
	 SIGNIFICANT_MOTION 0x00000011 | status: active | pending flush events 0 
Connection Number: 11 
	Operating Mode: NORMAL
	 com.tencent.mm.plugin.sport.model.a0 | WakeLockRefCount 0 | uid 10253 | cache size 0 | max cache size 0
	 STEP_COUNTER 0x00000013 | status: active | pending flush events 0 
Connection Number: 12 
	Operating Mode: NORMAL
	 com.vivo.aiengine.sdk.location.b.b | WakeLockRefCount 0 | uid 1000 | cache size 0 | max cache size 0
	 STEP_COUNTER 0x00000013 | status: active | pending flush events 0 
Connection Number: 13 
	Operating Mode: NORMAL
	 com.android.server.power.FaceDownDetector | WakeLockRefCount 0 | uid 1000 | cache size 0 | max cache size 0
	 icm40607_acc 0x00000001 | status: active | pending flush events 0 
Connection Number: 14 
	Operating Mode: NORMAL
	 com.android.server.display.common.utils.LcmSensorManager | WakeLockRefCount 0 | uid 1000 | cache size 0 | max cache size 0
	 PROXIMITY 0x00000008 | status: active | pending flush events 0 
Connection Number: 15 
	Operating Mode: NORMAL
	 com.android.server.wifi.VivoWifiStep | WakeLockRefCount 0 | uid 1000 | cache size 0 | max cache size 0
	 STEP_COUNTER 0x00000013 | status: active | pending flush events 0 
Connection Number: 16 
	Operating Mode: NORMAL
	 com.android.server.display.common.utils.LcmSensorManager | WakeLockRefCount 0 | uid 1000 | cache size 0 | max cache size 0
	 AMBIENT_LIGHT_SCENE 0x00000062 | status: active | pending flush events 0 
Connection Number: 17 
	Operating Mode: NORMAL
	 com.tencent.mm.plugin.sport.model.a0 | WakeLockRefCount 0 | uid 10253 | cache size 0 | max cache size 0
	 STEP_COUNTER 0x00000013 | status: active | pending flush events 0 
Connection Number: 18 
	Operating Mode: NORMAL
	 com.google.android.location.collectionlib.BatchSignalCollector$BatchSensorEventListener | WakeLockRefCount 0 | uid 10171 | cache size 0 | max cache size 4500
	 icm40607_acc 0x00000001 | status: active | pending flush events 0 
Connection Number: 19 
com.meituan.msi.api.accelerometer.AccelerometerApi Connection 0xb400007b5e51b450 has been frozen *** 
	Operating Mode: NORMAL
	 com.meituan.msi.api.accelerometer.AccelerometerApi | WakeLockRefCount 0 | uid 10309 | cache size 0 | max cache size 0
	 icm40607_acc 0x00000001 | status: active | pending flush events 0 
Connection Number: 20 
	Operating Mode: NORMAL
	 com.vivo.lib.step.b.a | WakeLockRefCount 0 | uid 1000 | cache size 0 | max cache size 0
	 STEP_COUNTER 0x00000013 | status: active | pending flush events 0 
Connection Number: 21 
	Operating Mode: NORMAL
	 com.tencent.mobileqq.msf.core.stepcount.g.b | WakeLockRefCount 0 | uid 10249 | cache size 0 | max cache size 0
	 STEP_COUNTER 0x00000013 | status: active | pending flush events 0 
Connection Number: 22 
com.xingin.tiny.internal.g6 Connection 0xb400007b5e540e50 has been frozen *** 
	Operating Mode: NORMAL
	 com.xingin.tiny.internal.g6 | WakeLockRefCount 0 | uid 10346 | cache size 0 | max cache size 0
	 GRAVITY 0x00000009 | status: active | pending flush events 0 
	 LIGHT 0x00000005 | status: active | pending flush events 0 
	 mmc5603_mag 0x00000002 | status: active | pending flush events 0 
	 icm40607_acc 0x00000001 | status: active | pending flush events 0 
Connection Number: 23 
	Operating Mode: NORMAL
	 com.vivo.pem.core.hide.io.PemStateObserver | WakeLockRefCount 0 | uid 1000 | cache size 0 | max cache size 0
	 AMBIENT_LIGHT_SCENE 0x00000062 | status: active | pending flush events 0 
Connection Number: 24 
	Operating Mode: NORMAL
	 com.android.server.wm.WindowOrientationListener | WakeLockRefCount 0 | uid 1000 | cache size 0 | max cache size 0
	 WINDOW_ORIENTATION 0x00000061 | status: active | pending flush events 0 
0 direct connections
Previous Registrations:
00:10:15 + 0x00000013 pid= 6732 uid=10249 package=com.tencent.mobileqq.msf.core.stepcount.g.b samplingPeriod=0us batchingPeriod=360000000us
00:10:15 - 0x00000013 pid= 6732 uid=10249 package=com.tencent.mobileqq.msf.core.stepcount.g.b
00:08:49 - 0x00000001 pid= 1355 uid= 1000 package=com.android.server.display.common.utils.LcmSensorManager
00:04:18 + 0x00000013 pid= 6732 uid=10249 package=com.tencent.mobileqq.msf.core.stepcount.g.b samplingPeriod=0us batchingPeriod=360000000us
00:04:18 - 0x00000013 pid= 6732 uid=10249 package=com.tencent.mobileqq.msf.core.stepcount.g.b
23:59:47 + 0x00000009 pid=30472 uid=10346 package=com.xingin.tiny.internal.g6 samplingPeriod=10000us batchingPeriod=0us
23:59:47 + 0x00000005 pid=30472 uid=10346 package=com.xingin.tiny.internal.g6 samplingPeriod=200000us batchingPeriod=0us
23:59:47 + 0x00000002 pid=30472 uid=10346 package=com.xingin.tiny.internal.g6 samplingPeriod=10000us batchingPeriod=0us
23:59:47 + 0x00000001 pid=30472 uid=10346 package=com.xingin.tiny.internal.g6 samplingPeriod=80000us batchingPeriod=0us
23:59:47 - 0x00000009 pid=30472 uid=10346 package=com.xingin.tiny.internal.g6
23:59:47 - 0x00000005 pid=30472 uid=10346 package=com.xingin.tiny.internal.g6
23:59:47 - 0x00000002 pid=30472 uid=10346 package=com.xingin.tiny.internal.g6
23:59:47 - 0x00000001 pid=30472 uid=10346 package=com.xingin.tiny.internal.g6
23:59:20 + 0x00000001 pid= 1355 uid= 1000 package=com.android.server.display.common.utils.LcmSensorManager samplingPeriod=80000us batchingPeriod=0us
23:59:09 - 0x00000001 pid=31165 uid=10354 package=com.baidu.netdisk.ui.appid.na._
23:59:09 + 0x00000001 pid=31165 uid=10354 package=com.baidu.netdisk.ui.appid.na._ samplingPeriod=80000us batchingPeriod=0us
23:58:54 - 0x00000001 pid=31165 uid=10354 package=com.baidu.netdisk.ui.appid.na._
23:58:54 + 0x00000001 pid=31165 uid=10354 package=com.baidu.netdisk.ui.appid.na._ samplingPeriod=80000us batchingPeriod=0us
23:58:37 - 0x00000001 pid=31165 uid=10354 package=com.baidu.netdisk.ui.appid.na._
23:58:37 - 0x00000001 pid=31165 uid=10354 package=com.baidu.netdisk.ui.appid.na._
23:58:37 + 0x00000001 pid=31165 uid=10354 package=com.baidu.netdisk.ui.appid.na._ samplingPeriod=80000us batchingPeriod=0us
23:58:37 + 0x00000001 pid=31165 uid=10354 package=com.baidu.netdisk.ui.appid.na._ samplingPeriod=80000us batchingPeriod=0us
23:58:24 - 0x00000001 pid=31165 uid=10354 package=com.baidu.netdisk.ui.appid.na._
23:58:24 + 0x00000001 pid=31165 uid=10354 package=com.baidu.netdisk.ui.appid.na._ samplingPeriod=80000us batchingPeriod=0us
23:58:21 + 0x00000013 pid= 1355 uid= 1000 package=com.android.server.wifi.VivoWifiStep samplingPeriod=0us batchingPeriod=0us
23:58:19 - 0x00000013 pid= 1355 uid= 1000 package=com.android.server.wifi.VivoWifiStep
23:57:51 - 0x00000001 pid=31165 uid=10354 package=org.chromium.device.sensors.PlatformSensor
23:57:51 - 0x5f676172 pid=31165 uid=10354 package=org.chromium.device.sensors.PlatformSensor
23:57:51 - 0x0000000a pid=31165 uid=10354 package=org.chromium.device.sensors.PlatformSensor
23:57:51 - 0x00000004 pid=31165 uid=10354 package=org.chromium.device.sensors.PlatformSensor
23:57:39 + 0x5f676172 pid=31165 uid=10354 package=org.chromium.device.sensors.PlatformSensor samplingPeriod=16666us batchingPeriod=0us
23:57:39 + 0x00000004 pid=31165 uid=10354 package=org.chromium.device.sensors.PlatformSensor samplingPeriod=16666us batchingPeriod=0us
23:57:39 + 0x0000000a pid=31165 uid=10354 package=org.chromium.device.sensors.PlatformSensor samplingPeriod=10000us batchingPeriod=0us
23:57:38 + 0x00000001 pid=31165 uid=10354 package=org.chromium.device.sensors.PlatformSensor samplingPeriod=16666us batchingPeriod=0us
23:57:37 - 0x00000004 pid= 1355 uid= 1000 package=hidl_client_pid_1090
23:57:37 - 0x00000001 pid= 1355 uid= 1000 package=hidl_client_pid_1090
23:57:37 + 0x00000001 pid= 1355 uid= 1000 package=hidl_client_pid_1090 samplingPeriod=30000us batchingPeriod=0us
23:57:37 - 0x00000005 pid= 1355 uid= 1000 package=hidl_client_pid_1090
23:57:37 - 0x00000001 pid=31165 uid=10354 package=android.view.OrientationEventListener
23:57:34 - 0x5f676172 pid=31165 uid=10354 package=org.chromium.device.sensors.PlatformSensor
23:57:34 - 0x0000000a pid=31165 uid=10354 package=org.chromium.device.sensors.PlatformSensor
23:57:34 - 0x00000004 pid=31165 uid=10354 package=org.chromium.device.sensors.PlatformSensor
23:57:34 - 0x00000001 pid=31165 uid=10354 package=org.chromium.device.sensors.PlatformSensor
23:57:34 + 0x00000004 pid= 1355 uid= 1000 package=hidl_client_pid_1090 samplingPeriod=5000us batchingPeriod=0us
23:57:34 + 0x00000005 pid= 1355 uid= 1000 package=hidl_client_pid_1090 samplingPeriod=20000us batchingPeriod=0us
23:57:34 + 0x00000001 pid= 1355 uid= 1000 package=hidl_client_pid_1090 samplingPeriod=20000us batchingPeriod=0us
23:57:34 + 0x00000004 pid= 1355 uid= 1000 package=hidl_client_pid_1090 samplingPeriod=20000us batchingPeriod=0us
23:57:33 + 0x0000000a pid=31165 uid=10354 package=org.chromium.device.sensors.PlatformSensor samplingPeriod=10000us batchingPeriod=0us
23:57:33 + 0x00000004 pid=31165 uid=10354 package=org.chromium.device.sensors.PlatformSensor samplingPeriod=16666us batchingPeriod=0us
23:57:33 + 0x5f676172 pid=31165 uid=10354 package=org.chromium.device.sensors.PlatformSensor samplingPeriod=16666us batchingPeriod=0us
23:57:33 + 0x00000001 pid=31165 uid=10354 package=org.chromium.device.sensors.PlatformSensor samplingPeriod=16666us batchingPeriod=0us
23:57:33 + 0x00000001 pid=31165 uid=10354 package=android.view.OrientationEventListener samplingPeriod=80000us batchingPeriod=0us
23:57:30 - 0x00000001 pid=31165 uid=10354 package=android.view.OrientationEventListener
23:57:28 - 0x5f676172 pid=31165 uid=10354 package=com.bytedance.sdk.component.sk.o
23:57:28 + 0x00000001 pid=31165 uid=10354 package=android.view.OrientationEventListener samplingPeriod=80000us batchingPeriod=0us
23:57:27 + 0x5f676172 pid=31165 uid=10354 package=com.bytedance.sdk.component.sk.o samplingPeriod=20000us batchingPeriod=0us
23:57:26 - 0x00000001 pid=31165 uid=10354 package=android.view.OrientationEventListener
23:57:26 - 0x00000001 pid=31165 uid=10354 package=com.baidu.netdisk.ui.appid.na._
23:57:26 + 0x00000001 pid=31165 uid=10354 package=android.view.OrientationEventListener samplingPeriod=80000us batchingPeriod=0us
23:57:26 + 0x00000001 pid=31165 uid=10354 package=com.baidu.netdisk.ui.appid.na._ samplingPeriod=80000us batchingPeriod=0us
23:56:57 - 0x00000001 pid= 1355 uid= 1000 package=com.android.server.display.common.utils.LcmSensorManager
23:55:58 + 0x00000001 pid=28615 uid=10253 package=android.view.OrientationEventListener samplingPeriod=20000us batchingPeriod=0us
23:55:55 + 0x00000013 pid=10400 uid=10253 package=com.tencent.mm.plugin.sport.model.a0 samplingPeriod=600000us batchingPeriod=0us
23:55:55 - 0x00000013 pid=10400 uid=10253 package=com.tencent.mm.plugin.sport.model.a0
23:55:55 + 0x00000013 pid=28749 uid=10253 package=com.tencent.mm.plugin.sport.model.a0 samplingPeriod=600000us batchingPeriod=0us
23:55:55 - 0x00000013 pid=28749 uid=10253 package=com.tencent.mm.plugin.sport.model.a0
23:55:28 + 0x00000001 pid= 1355 uid= 1000 package=com.android.server.display.common.utils.LcmSensorManager samplingPeriod=80000us batchingPeriod=0us
23:55:05 - 0x00000001 pid= 1355 uid= 1000 package=com.android.server.display.common.utils.LcmSensorManager
23:54:24 + 0x00000011 pid= 1355 uid= 1000 package=com.android.server.DeviceIdleController samplingPeriod=0us batchingPeriod=0us
23:53:21 + 0x00000001 pid= 1355 uid= 1000 package=com.android.server.display.common.utils.LcmSensorManager samplingPeriod=80000us batchingPeriod=0us
23:52:55 - 0x00000001 pid= 1355 uid= 1000 package=com.android.server.display.common.utils.LcmSensorManager
23:52:37 + 0x00000001 pid= 1355 uid= 1000 package=com.android.server.display.common.utils.LcmSensorManager samplingPeriod=80000us batchingPeriod=0us
23:52:23 + 0x00000013 pid= 2383 uid= 1000 package=com.vivo.aiengine.sdk.location.b.b samplingPeriod=200000us batchingPeriod=0us
23:50:29 - 0x0000005c pid= 1355 uid= 1000 package=com.android.server.location.VivoNlpPowerMonitor
23:50:28 - 0x00000009 pid= 2391 uid= 1000 package=com.vivo.daemonService.b
23:50:28 - 0x00000008 pid= 2391 uid= 1000 package=com.vivo.daemonService.b
23:50:28 - 0x00000008 pid= 1987 uid=10061 package=com.android.systemui.util.sensors.ThresholdSensorImpl
23:50:28 + 0x00000013 pid= 6732 uid=10249 package=com.tencent.mobileqq.msf.core.stepcount.g.b samplingPeriod=0us batchingPeriod=360000000us
23:50:28 - 0x0000005a pid= 1987 uid=10061 package=com.vivo.keyguard.presenter.smart.KeyguardRaiseAndPutDownManager
23:50:28 - 0x00000013 pid= 6732 uid=10249 package=com.tencent.mobileqq.msf.core.stepcount.g.b
23:50:28 - 0x00000004 pid= 1355 uid= 1000 package=hidl_client_pid_1090
23:50:28 - 0x00000001 pid= 1355 uid= 1000 package=hidl_client_pid_1090
23:50:28 + 0x00000001 pid= 1355 uid= 1000 package=hidl_client_pid_1090 samplingPeriod=30000us batchingPeriod=0us
23:50:28 - 0x00000005 pid= 1355 uid= 1000 package=hidl_client_pid_1090
23:50:28 - 0x00000002 pid= 2391 uid= 1000 package=com.vivo.daemonService.motion.a
23:50:28 - 0x0000005f pid= 2391 uid= 1000 package=com.vivo.daemonService.motion.a
23:50:28 + 0x00000002 pid= 2391 uid= 1000 package=com.vivo.daemonService.motion.a samplingPeriod=10000us batchingPeriod=0us
23:50:28 + 0x00000008 pid= 1355 uid= 1000 package=com.android.server.display.common.utils.LcmSensorManager samplingPeriod=1000000us batchingPeriod=0us
23:50:28 + 0x00000061 pid= 1355 uid= 1000 package=com.android.server.wm.WindowOrientationListener samplingPeriod=66667us batchingPeriod=0us
23:50:28 + 0x00000008 pid= 1987 uid=10061 package=com.android.systemui.util.sensors.ThresholdSensorImpl samplingPeriod=20000us batchingPeriod=0us
23:50:28 + 0x00000013 pid= 1355 uid= 1000 package=com.android.server.wifi.VivoWifiStep samplingPeriod=0us batchingPeriod=0us
23:50:28 + 0x0000005f pid= 2391 uid= 1000 package=com.vivo.daemonService.motion.a samplingPeriod=200000us batchingPeriod=0us
23:50:28 + 0x00000009 pid= 2391 uid= 1000 package=com.vivo.daemonService.b samplingPeriod=10000us batchingPeriod=0us
23:50:28 - 0x00000062 pid= 2515 uid= 1000 package=com.vivo.fingerprintui.g.c
23:50:28 - 0x0000005c pid= 2515 uid= 1000 package=com.vivo.fingerprintui.g.c
23:50:28 - 0x00000008 pid= 2515 uid= 1000 package=com.vivo.fingerprintui.g.c
23:50:28 - 0x00000008 pid= 2391 uid= 1000 package=com.vivo.services.motion.PocketModeService
23:50:28 + 0x00000008 pid= 2391 uid= 1000 package=com.vivo.daemonService.b samplingPeriod=200000us batchingPeriod=0us
23:50:28 - 0x00000008 pid= 1355 uid= 1000 package=com.android.server.policy.VivoWMPHook
23:50:28 - 0x00000008 pid= 1355 uid= 1000 package=com.vivo.services.touchscreen.TouchScreenService
23:50:28 - 0x0000005c pid= 2391 uid= 1000 package=com.vivo.services.nightpearl.f
23:50:27 - 0x00000008 pid= 1355 uid= 1000 package=com.vivo.services.touchscreen.TouchScreenService
23:50:27 + 0x0000005a pid= 1987 uid=10061 package=com.vivo.keyguard.presenter.smart.KeyguardRaiseAndPutDownManager samplingPeriod=200000us batchingPeriod=0us
23:50:27 - 0x00000008 pid= 1931 uid= 1000 package=o0.r
23:50:27 + 0x00000005 pid= 1355 uid= 1000 package=hidl_client_pid_1120 samplingPeriod=200000us batchingPeriod=0us
23:50:27 - 0x00000008 pid= 2391 uid= 1000 package=com.vivo.services.nightpearl.f
23:50:27 + 0x00000001 pid= 1355 uid= 1000 package=com.android.server.power.FaceDownDetector samplingPeriod=80000us batchingPeriod=2000000us
23:50:27 + 0x00000062 pid= 2357 uid= 1000 package=com.vivo.pem.core.hide.io.PemStateObserver samplingPeriod=200000us batchingPeriod=0us
23:50:27 + 0x00000005 pid= 1355 uid= 1000 package=com.vivo.sensor.brightness.AutomaticBrightnessController samplingPeriod=80000us batchingPeriod=0us
23:50:27 - 0x00000005 pid= 1355 uid= 1000 package=com.vivo.sensor.brightness.modules.FingerprintController
23:50:27 - 0x00000008 pid= 2454 uid= 1000 package=com.vivo.faceui.monitor.SensorMonitor
23:50:27 - 0x00000005 pid= 2454 uid= 1000 package=com.vivo.faceui.monitor.SensorMonitor
23:50:27 - 0x00000005 pid= 1355 uid= 1000 package=com.android.server.biometrics.log.BiometricLogger
23:50:27 + 0x00000008 pid= 2454 uid= 1000 package=com.vivo.faceui.monitor.SensorMonitor samplingPeriod=0us batchingPeriod=0us
23:50:27 + 0x00000005 pid= 2454 uid= 1000 package=com.vivo.faceui.monitor.SensorMonitor samplingPeriod=0us batchingPeriod=0us
23:50:27 + 0x00000005 pid= 1355 uid= 1000 package=com.android.server.biometrics.log.BiometricLogger samplingPeriod=200000us batchingPeriod=0us
23:50:27 - 0x00000005 pid= 1355 uid= 1000 package=com.android.server.biometrics.log.BiometricLogger
23:50:27 - 0x00000008 pid= 2454 uid= 1000 package=com.vivo.faceui.monitor.SensorMonitor
23:50:27 - 0x00000005 pid= 2454 uid= 1000 package=com.vivo.faceui.monitor.SensorMonitor
23:50:27 + 0x00000004 pid= 1355 uid= 1000 package=hidl_client_pid_1090 samplingPeriod=5000us batchingPeriod=0us
23:50:27 + 0x00000005 pid= 1355 uid= 1000 package=hidl_client_pid_1090 samplingPeriod=20000us batchingPeriod=0us
23:50:27 + 0x00000001 pid= 1355 uid= 1000 package=hidl_client_pid_1090 samplingPeriod=20000us batchingPeriod=0us
23:50:27 + 0x00000004 pid= 1355 uid= 1000 package=hidl_client_pid_1090 samplingPeriod=20000us batchingPeriod=0us
23:50:27 + 0x00000005 pid= 2454 uid= 1000 package=com.vivo.faceui.monitor.SensorMonitor samplingPeriod=0us batchingPeriod=0us
23:50:27 + 0x00000062 pid= 1355 uid= 1000 package=com.android.server.display.common.utils.LcmSensorManager samplingPeriod=66667us batchingPeriod=0us
23:50:27 + 0x00000005 pid= 1355 uid= 1000 package=com.android.server.biometrics.log.BiometricLogger samplingPeriod=200000us batchingPeriod=0us
23:50:27 + 0x00000005 pid= 1355 uid= 1000 package=com.vivo.sensor.brightness.modules.FingerprintController samplingPeriod=80000us batchingPeriod=0us
23:50:26 - 0x00000062 pid= 2391 uid= 1000 package=com.vivo.services.nightpearl.f
23:50:21 + 0x00000062 pid= 2391 uid= 1000 package=com.vivo.services.nightpearl.f samplingPeriod=20000us batchingPeriod=0us
23:50:08 + 0x0000005c pid= 2515 uid= 1000 package=com.vivo.fingerprintui.g.c samplingPeriod=200000us batchingPeriod=0us
23:50:07 - 0x0000005c pid= 2515 uid= 1000 package=com.vivo.fingerprintui.g.c
23:50:00 - 0x00000062 pid= 2391 uid= 1000 package=com.vivo.services.nightpearl.f
23:49:55 + 0x00000062 pid= 2391 uid= 1000 package=com.vivo.services.nightpearl.f samplingPeriod=20000us batchingPeriod=0us
23:49:43 - 0x00000005 pid= 1355 uid= 1000 package=com.vivo.sensor.brightness.modules.FingerprintController
23:49:36 + 0x00000005 pid= 1355 uid= 1000 package=com.vivo.sensor.brightness.modules.FingerprintController samplingPeriod=80000us batchingPeriod=0us
23:49:14 - 0x00000062 pid= 2391 uid= 1000 package=com.vivo.services.nightpearl.f
23:49:07 - 0x00000008 pid= 1355 uid= 1000 package=com.android.server.display.common.utils.LcmSensorManager
23:49:07 + 0x0000005c pid= 1355 uid= 1000 package=com.android.server.location.VivoNlpPowerMonitor samplingPeriod=200000us batchingPeriod=0us
23:49:07 - 0x00000013 pid= 1355 uid= 1000 package=com.android.server.wifi.VivoWifiStep
23:49:07 - 0x00000001 pid= 1355 uid= 1000 package=com.android.server.power.FaceDownDetector
23:49:07 + 0x00000062 pid= 2391 uid= 1000 package=com.vivo.services.nightpearl.f samplingPeriod=20000us batchingPeriod=0us
23:49:07 - 0x00000062 pid= 1355 uid= 1000 package=com.android.server.display.common.utils.LcmSensorManager
23:49:07 + 0x00000008 pid= 2391 uid= 1000 package=com.vivo.services.motion.PocketModeService samplingPeriod=100000us batchingPeriod=0us
23:49:07 + 0x0000005c pid= 2391 uid= 1000 package=com.vivo.services.nightpearl.f samplingPeriod=200000us batchingPeriod=0us
23:49:07 + 0x00000008 pid= 2391 uid= 1000 package=com.vivo.services.nightpearl.f samplingPeriod=200000us batchingPeriod=0us
23:49:07 + 0x00000008 pid= 1931 uid= 1000 package=o0.r samplingPeriod=200000us batchingPeriod=0us
23:49:07 - 0x00000005 pid= 1355 uid= 1000 package=com.vivo.sensor.brightness.AutomaticBrightnessController
23:49:07 + 0x00000008 pid= 1355 uid= 1000 package=com.android.server.policy.VivoWMPHook samplingPeriod=20000us batchingPeriod=0us
23:49:07 - 0x00000061 pid= 1355 uid= 1000 package=com.android.server.wm.WindowOrientationListener
23:49:07 - 0x00000062 pid= 2357 uid= 1000 package=com.vivo.pem.core.hide.io.PemStateObserver
23:49:07 + 0x00000008 pid= 2454 uid= 1000 package=com.vivo.faceui.monitor.SensorMonitor samplingPeriod=0us batchingPeriod=0us
23:49:07 + 0x00000008 pid= 1355 uid= 1000 package=com.vivo.services.touchscreen.TouchScreenService samplingPeriod=200000us batchingPeriod=0us
23:49:07 + 0x00000008 pid= 1355 uid= 1000 package=com.vivo.services.touchscreen.TouchScreenService samplingPeriod=200000us batchingPeriod=0us
23:49:07 - 0x00000005 pid= 1355 uid= 1000 package=hidl_client_pid_1120
23:49:06 + 0x00000062 pid= 2515 uid= 1000 package=com.vivo.fingerprintui.g.c samplingPeriod=200000us batchingPeriod=0us
23:49:06 + 0x0000005c pid= 2515 uid= 1000 package=com.vivo.fingerprintui.g.c samplingPeriod=200000us batchingPeriod=0us
23:49:06 + 0x00000008 pid= 2515 uid= 1000 package=com.vivo.fingerprintui.g.c samplingPeriod=200000us batchingPeriod=0us
23:48:28 + 0x00000011 pid= 1355 uid= 1000 package=com.android.server.DeviceIdleController samplingPeriod=0us batchingPeriod=0us
23:46:29 - 0x00000013 pid= 2383 uid= 1000 package=com.vivo.aiengine.sdk.location.b.b
23:46:26 + 0x00000013 pid= 2383 uid= 1000 package=com.vivo.aiengine.sdk.location.b.b samplingPeriod=200000us batchingPeriod=0us
23:45:58 - 0x00000001 pid= 1355 uid= 1000 package=com.android.server.display.common.utils.LcmSensorManager
23:44:56 + 0x00000001 pid= 1355 uid= 1000 package=com.android.server.display.common.utils.LcmSensorManager samplingPeriod=80000us batchingPeriod=0us
23:44:04 - 0x00000001 pid= 1355 uid= 1000 package=com.android.server.display.common.utils.LcmSensorManager
23:44:04 + 0x00000001 pid= 1355 uid= 1000 package=com.android.server.display.common.utils.LcmSensorManager samplingPeriod=80000us batchingPeriod=0us
23:43:54 - 0x00000001 pid= 1355 uid= 1000 package=com.android.server.display.common.utils.LcmSensorManager
23:43:54 + 0x00000001 pid= 1355 uid= 1000 package=com.android.server.display.common.utils.LcmSensorManager samplingPeriod=80000us batchingPeriod=0us
23:43:35 - 0x00000013 pid= 2383 uid= 1000 package=com.vivo.aiengine.sdk.location.b.b
23:43:22 + 0x00000013 pid= 6732 uid=10249 package=com.tencent.mobileqq.msf.core.stepcount.g.b samplingPeriod=0us batchingPeriod=360000000us
23:43:22 - 0x00000013 pid= 6732 uid=10249 package=com.tencent.mobileqq.msf.core.stepcount.g.b
23:42:29 - 0x00000008 pid=27622 uid=10249 package=com.tencent.mobileqq.qqaudio.audioplayer.AudioSenorManager
23:42:29 - 0x00000001 pid=27622 uid=10249 package=com.tencent.mobileqq.qqaudio.audioplayer.AudioSenorManager
23:42:05 + 0x00000008 pid=27622 uid=10249 package=com.tencent.mobileqq.qqaudio.audioplayer.AudioSenorManager samplingPeriod=200000us batchingPeriod=0us
23:42:05 + 0x00000001 pid=27622 uid=10249 package=com.tencent.mobileqq.qqaudio.audioplayer.AudioSenorManager samplingPeriod=20000us batchingPeriod=0us
23:42:04 + 0x00000013 pid= 6732 uid=10249 package=com.tencent.mobileqq.msf.core.stepcount.g.b samplingPeriod=0us batchingPeriod=360000000us
23:42:04 - 0x00000013 pid= 6732 uid=10249 package=com.tencent.mobileqq.msf.core.stepcount.g.b
23:41:29 - 0x00000001 pid= 2368 uid= 1000 package=a1.d
23:41:29 + 0x00000001 pid= 2368 uid= 1000 package=a1.d samplingPeriod=20000us batchingPeriod=0us
23:40:37 + 0x00000013 pid= 4298 uid= 1000 package=com.vivo.lib.step.b.a samplingPeriod=0us batchingPeriod=0us
23:38:29 + 0x00000013 pid= 1355 uid= 1000 package=com.android.server.wifi.VivoWifiStep samplingPeriod=0us batchingPeriod=0us
23:38:27 - 0x00000013 pid= 1355 uid= 1000 package=com.android.server.wifi.VivoWifiStep
23:37:25 - 0x00000001 pid= 1355 uid= 1000 package=com.android.server.display.common.utils.LcmSensorManager
23:37:15 + 0x00000001 pid=26942 uid=10253 package=android.view.OrientationEventListener samplingPeriod=20000us batchingPeriod=0us
23:36:01 + 0x00000001 pid= 1355 uid= 1000 package=com.android.server.display.common.utils.LcmSensorManager samplingPeriod=80000us batchingPeriod=0us
23:35:57 + 0x00000013 pid= 6732 uid=10249 package=com.tencent.mobileqq.msf.core.stepcount.g.b samplingPeriod=0us batchingPeriod=360000000us
23:35:57 - 0x00000013 pid= 6732 uid=10249 package=com.tencent.mobileqq.msf.core.stepcount.g.b
23:35:52 - 0x00000001 pid= 1355 uid= 1000 package=com.android.server.display.common.utils.LcmSensorManager
23:35:37 + 0x00000001 pid= 1355 uid= 1000 package=com.android.server.display.common.utils.LcmSensorManager samplingPeriod=80000us batchingPeriod=0us
23:35:11 + 0x00000008 pid=25676 uid=10176 package=com.vivo.agent.AgentService samplingPeriod=200000us batchingPeriod=0us
23:34:16 + 0x00000013 pid= 6732 uid=10249 package=com.tencent.mobileqq.msf.core.stepcount.g.b samplingPeriod=0us batchingPeriod=360000000us
23:34:16 - 0x00000013 pid= 6732 uid=10249 package=com.tencent.mobileqq.msf.core.stepcount.g.b
23:34:08 + 0x00000013 pid= 1355 uid= 1000 package=com.android.server.wifi.VivoWifiStep samplingPeriod=0us batchingPeriod=0us
23:33:30 - 0x0000005c pid= 1355 uid= 1000 package=com.android.server.location.VivoNlpPowerMonitor
23:33:30 - 0x00000004 pid= 1355 uid= 1000 package=hidl_client_pid_1090
23:33:30 - 0x00000001 pid= 1355 uid= 1000 package=hidl_client_pid_1090
23:33:30 + 0x00000001 pid= 1355 uid= 1000 package=hidl_client_pid_1090 samplingPeriod=30000us batchingPeriod=0us
23:33:30 - 0x00000005 pid= 1355 uid= 1000 package=hidl_client_pid_1090
23:33:29 - 0x00000009 pid= 2391 uid= 1000 package=com.vivo.daemonService.b
23:33:29 - 0x00000008 pid= 2391 uid= 1000 package=com.vivo.daemonService.b
23:33:29 - 0x00000008 pid= 1987 uid=10061 package=com.android.systemui.util.sensors.ThresholdSensorImpl
23:33:29 + 0x00000013 pid=10400 uid=10253 package=com.tencent.mm.plugin.sport.model.a0 samplingPeriod=600000us batchingPeriod=0us
